<?xml version="1.0" encoding="UTF-8"?>
<robot generator="Robot 7.4.1 (Python 3.14.3 on win32)" generated="2026-03-17T16:33:12.246534" rpa="false" schemaversion="5">
<suite id="s1" name="Test" source="C:\Users\CHONWEEZZ\Documents\software enginerring\new\pb12\test.robot">
<test id="s1-t1" name="TC006" line="95">
<kw name="Login" type="SETUP">
<kw name="Open Browser" owner="SeleniumLibrary">
<msg time="2026-03-17T16:33:12.397011" level="INFO">Opening browser 'chrome' to base url 'https://csse2268.cpkku.com/login'.</msg>
<arg>${URL}</arg>
<arg>${BROWSER}</arg>
<doc>Opens a new browser instance to the optional ``url``.</doc>
<status status="PASS" start="2026-03-17T16:33:12.396822" elapsed="0.714727"/>
</kw>
<kw name="Maximize Browser Window" owner="SeleniumLibrary">
<doc>Maximizes current browser window.</doc>
<status status="PASS" start="2026-03-17T16:33:13.111727" elapsed="0.035065"/>
</kw>
<kw name="Wait Until Element Is Visible" owner="SeleniumLibrary">
<arg>id=identifier</arg>
<arg>10s</arg>
<doc>Waits until the element ``locator`` is visible.</doc>
<status status="PASS" start="2026-03-17T16:33:13.146949" elapsed="0.052460"/>
</kw>
<kw name="Input Text" owner="SeleniumLibrary">
<msg time="2026-03-17T16:33:13.199765" level="INFO">Typing text 'koeeyPassenger' into text field 'id=identifier'.</msg>
<arg>id=identifier</arg>
<arg>${USERNAME}</arg>
<doc>Types the given ``text`` into the text field identified by ``locator``.</doc>
<status status="PASS" start="2026-03-17T16:33:13.199556" elapsed="0.056182"/>
</kw>
<kw name="Wait Until Element Is Visible" owner="SeleniumLibrary">
<arg>id=password</arg>
<arg>10s</arg>
<doc>Waits until the element ``locator`` is visible.</doc>
<status status="PASS" start="2026-03-17T16:33:13.255882" elapsed="0.015821"/>
</kw>
<kw name="Input Password" owner="SeleniumLibrary">
<msg time="2026-03-17T16:33:13.272039" level="INFO">Typing password into text field 'id=password'.</msg>
<msg time="2026-03-17T16:33:13.289563" level="INFO">Temporally setting log level to: NONE</msg>
<arg>id=password</arg>
<arg>${PASSWORD}</arg>
<doc>Types the given password into the text field identified by ``locator``.</doc>
<status status="PASS" start="2026-03-17T16:33:13.271842" elapsed="0.041154"/>
</kw>
<kw name="Click Element" owner="SeleniumLibrary">
<msg time="2026-03-17T16:33:13.313299" level="INFO">Clicking element 'xpath=//button[@type='submit']'.</msg>
<arg>xpath=//button[@type='submit']</arg>
<doc>Click the element identified by ``locator``.</doc>
<status status="PASS" start="2026-03-17T16:33:13.313136" elapsed="0.034717"/>
</kw>
<kw name="Wait Until Page Does Not Contain Element" owner="SeleniumLibrary">
<arg>id=identifier</arg>
<arg>10s</arg>
<doc>Waits until the element ``locator`` disappears from the current page.</doc>
<status status="PASS" start="2026-03-17T16:33:13.347993" elapsed="0.852722"/>
</kw>
<status status="PASS" start="2026-03-17T16:33:12.396367" elapsed="1.804454"/>
</kw>
<kw name="Go To" owner="SeleniumLibrary">
<msg time="2026-03-17T16:33:14.201189" level="INFO">Opening url 'https://csse2268.cpkku.com/profile'</msg>
<arg>https://csse2268.cpkku.com/profile</arg>
<doc>Navigates the current browser window to the provided ``url``.</doc>
<status status="PASS" start="2026-03-17T16:33:14.201071" elapsed="0.060385"/>
</kw>
<kw name="Click Element" owner="SeleniumLibrary">
<msg time="2026-03-17T16:33:14.263067" level="INFO">Clicking element 'xpath=//*[normalize-space()='ประวัติการรายงานของฉัน']'.</msg>
<arg>xpath=//*[normalize-space()='ประวัติการรายงานของฉัน']</arg>
<doc>Click the element identified by ``locator``.</doc>
<status status="PASS" start="2026-03-17T16:33:14.262856" elapsed="0.065415"/>
</kw>
<kw name="Wait Until Page Contains" owner="SeleniumLibrary">
<arg>ประวัติการรายงาน</arg>
<arg>10s</arg>
<doc>Waits until ``text`` appears on the current page.</doc>
<status status="PASS" start="2026-03-17T16:33:14.328517" elapsed="0.018886"/>
</kw>
<kw name="Sleep" owner="BuiltIn">
<msg time="2026-03-17T16:33:16.348134" level="INFO">Slept 2 seconds.</msg>
<arg>2s</arg>
<doc>Pauses the test executed for the given time.</doc>
<status status="PASS" start="2026-03-17T16:33:14.347648" elapsed="2.000571"/>
</kw>
<kw name="Click Element" owner="SeleniumLibrary">
<msg time="2026-03-17T16:33:16.348616" level="INFO">Clicking element 'xpath=//*[starts-with(@id,'report-')]'.</msg>
<arg>xpath=//*[starts-with(@id,'report-')]</arg>
<doc>Click the element identified by ``locator``.</doc>
<status status="PASS" start="2026-03-17T16:33:16.348446" elapsed="0.051377"/>
</kw>
<kw name="Sleep" owner="BuiltIn">
<msg time="2026-03-17T16:33:21.401852" level="INFO">Slept 5 seconds.</msg>
<arg>5s</arg>
<doc>Pauses the test executed for the given time.</doc>
<status status="PASS" start="2026-03-17T16:33:16.400772" elapsed="5.001171"/>
</kw>
<kw name="Page Should Contain" owner="SeleniumLibrary">
<msg time="2026-03-17T16:33:21.433635" level="INFO">Current page contains text 'สถานะการดำเนินการ'.</msg>
<arg>สถานะการดำเนินการ</arg>
<doc>Verifies that current page contains ``text``.</doc>
<status status="PASS" start="2026-03-17T16:33:21.402521" elapsed="0.031182"/>
</kw>
<kw name="Capture Page Screenshot" owner="SeleniumLibrary">
<msg time="2026-03-17T16:33:21.505362" level="INFO" html="true">&lt;/td&gt;&lt;/tr&gt;&lt;tr&gt;&lt;td colspan="3"&gt;&lt;a href="TC006.png"&gt;&lt;img src="TC006.png" width="800px"&gt;&lt;/a&gt;</msg>
<arg>TC006.png</arg>
<doc>Takes a screenshot of the current page and embeds it into a log file.</doc>
<status status="PASS" start="2026-03-17T16:33:21.434194" elapsed="0.071267"/>
</kw>
<status status="PASS" start="2026-03-17T16:33:12.395696" elapsed="9.113796"/>
</test>
<status status="PASS" start="2026-03-17T16:33:12.247575" elapsed="9.262606"/>
</suite>
<statistics>
<total>
<stat pass="1" fail="0" skip="0">All Tests</stat>
</total>
<tag>
</tag>
<suite>
<stat name="Test" id="s1" pass="1" fail="0" skip="0">Test</stat>
</suite>
</statistics>
<errors>
<msg time="2026-03-17T16:33:12.247705" level="ERROR">Error in file 'C:\Users\CHONWEEZZ\Documents\software enginerring\new\pb12\test.robot' on line 7: Setting variable '${MYTRIP_URL} https://csse2268.cpkku.com/myTrip' failed: Invalid variable name '${MYTRIP_URL} https://csse2268.cpkku.com/myTrip'.</msg>
<msg time="2026-03-17T16:33:12.249026" level="ERROR">Error in file 'C:\Users\CHONWEEZZ\Documents\software enginerring\new\pb12\test.robot' on line 8: Setting variable '${PROFILE_URL} https://csse2268.cpkku.com/profile' failed: Invalid variable name '${PROFILE_URL} https://csse2268.cpkku.com/profile'.</msg>
</errors>
</robot>
